RUN	com.gatling.tests.ComputerDatabase	computerdatabase	1648468677179	Test run successful	3.6.1
USER	ComputerDatabase	START	1648468678602
REQUEST		request_0	1648468678619	1648468679670	OK	 
REQUEST		request_2	1648468679762	1648468680060	OK	 
REQUEST		request_3	1648468679762	1648468680066	KO	status.find.in(200,201,202,203,204,205,206,207,208,209,304), found 429
REQUEST		request_1	1648468679761	1648468680086	OK	 
REQUEST		request_4	1648468685097	1648468685348	OK	 
REQUEST		request_6	1648468685358	1648468685544	KO	status.find.in(200,201,202,203,204,205,206,207,208,209,304), found 429
REQUEST		request_5	1648468685357	1648468685548	OK	 
REQUEST		request_7	1648468685359	1648468685552	OK	 
REQUEST		request_8	1648468697573	1648468697816	OK	 
REQUEST		request_8 Redirect 1	1648468697840	1648468698084	OK	 
REQUEST		request_9	1648468698093	1648468698268	OK	 
REQUEST		request_10	1648468698096	1648468698271	OK	 
REQUEST		request_11	1648468698097	1648468698274	OK	 
REQUEST		request_12	1648468703290	1648468703531	OK	 
REQUEST		request_13	1648468703533	1648468703706	OK	 
REQUEST		request_14	1648468703533	1648468703709	KO	status.find.is(429), but actually found 200
REQUEST		request_15	1648468703534	1648468703714	OK	 
USER	ComputerDatabase	END	1648468703721
